[2020-06-23 09:55:10,098] INFO Starting the log cleaner (kafka.log.LogCleaner)
[2020-06-23 09:55:10,165] INFO [kafka-log-cleaner-thread-0]: Starting (kafka.log.LogCleaner)
[2020-06-23 10:33:44,696] INFO Shutting down the log cleaner. (kafka.log.LogCleaner)
[2020-06-23 10:33:44,699] INFO [kafka-log-cleaner-thread-0]: Shutting down (kafka.log.LogCleaner)
[2020-06-23 10:33:44,699] INFO [kafka-log-cleaner-thread-0]: Stopped (kafka.log.LogCleaner)
[2020-06-23 10:33:44,699] INFO [kafka-log-cleaner-thread-0]: Shutdown completed (kafka.log.LogCleaner)
[2020-06-23 10:44:38,507] INFO Starting the log cleaner (kafka.log.LogCleaner)
[2020-06-23 10:44:38,572] INFO [kafka-log-cleaner-thread-0]: Starting (kafka.log.LogCleaner)
[2020-06-23 11:15:53,377] INFO Starting the log cleaner (kafka.log.LogCleaner)
[2020-06-23 11:15:53,441] INFO [kafka-log-cleaner-thread-0]: Starting (kafka.log.LogCleaner)
[2020-06-23 11:20:02,037] INFO Starting the log cleaner (kafka.log.LogCleaner)
[2020-06-23 11:20:02,108] INFO [kafka-log-cleaner-thread-0]: Starting (kafka.log.LogCleaner)
[2020-06-23 11:20:02,427] INFO Shutting down the log cleaner. (kafka.log.LogCleaner)
[2020-06-23 11:20:02,427] INFO [kafka-log-cleaner-thread-0]: Shutting down (kafka.log.LogCleaner)
[2020-06-23 11:20:02,428] INFO [kafka-log-cleaner-thread-0]: Stopped (kafka.log.LogCleaner)
[2020-06-23 11:20:02,428] INFO [kafka-log-cleaner-thread-0]: Shutdown completed (kafka.log.LogCleaner)
[2020-06-23 12:13:31,491] INFO Shutting down the log cleaner. (kafka.log.LogCleaner)
[2020-06-23 12:13:31,492] INFO [kafka-log-cleaner-thread-0]: Shutting down (kafka.log.LogCleaner)
[2020-06-23 12:13:31,493] INFO [kafka-log-cleaner-thread-0]: Stopped (kafka.log.LogCleaner)
[2020-06-23 12:13:31,493] INFO [kafka-log-cleaner-thread-0]: Shutdown completed (kafka.log.LogCleaner)
