[1114/003635.183:ERROR:directory_reader_win.cc(43)] FindFirstFile: The system cannot find the path specified. (0x3)
[1114/010132.682:ERROR:process_reader_win.cc(151)] SuspendThread: Access is denied. (0x5)
[1114/010132.684:ERROR:exception_snapshot_win.cc(99)] thread ID 16072 not found in process
[1114/010132.684:ERROR:scoped_process_suspend.cc(40)] NtResumeProcess: An attempt was made to access an exiting process. (0xc000010a)
[1114/010214.794:ERROR:filesystem_win.cc(129)] GetFileAttributes C:\Users\p\AppData\Local\Temp\karma-61356915\Crashpad\attachments\ccea9318-75ca-4072-8930-5a0de0000c8b: The system cannot find the path specified. (0x3)
[1114/010215.045:ERROR:process_memory_win.cc(73)] ReadMemory at 0xd577bb7000 of 852 bytes failed: Only part of a ReadProcessMemory or WriteProcessMemory request was completed. (0x12B)
[1114/010215.045:ERROR:process_memory_win.cc(73)] ReadMemory at 0xd577bda000 of 6024 bytes failed: Only part of a ReadProcessMemory or WriteProcessMemory request was completed. (0x12B)
[1114/010215.046:ERROR:process_memory_win.cc(73)] ReadMemory at 0x24eb0f60fe0 of 21610 bytes failed: Only part of a ReadProcessMemory or WriteProcessMemory request was completed. (0x12B)
[1114/010215.046:ERROR:process_memory_win.cc(73)] ReadMemory at 0x24eb0f66460 of 1012 bytes failed: Only part of a ReadProcessMemory or WriteProcessMemory request was completed. (0x12B)
[1114/010215.046:ERROR:process_memory_win.cc(73)] ReadMemory at 0x24eb0f66aa8 of 118 bytes failed: Only part of a ReadProcessMemory or WriteProcessMemory request was completed. (0x12B)
[1114/010215.046:ERROR:process_memory_win.cc(73)] ReadMemory at 0x24eb0f66b20 of 706 bytes failed: Only part of a ReadProcessMemory or WriteProcessMemory request was completed. (0x12B)
[1114/010215.046:ERROR:process_memory_win.cc(73)] ReadMemory at 0x24eb0f66de4 of 118 bytes failed: Only part of a ReadProcessMemory or WriteProcessMemory request was completed. (0x12B)
[1114/010215.046:ERROR:process_memory_win.cc(73)] ReadMemory at 0x24eb0f66e5c of 30 bytes failed: Only part of a ReadProcessMemory or WriteProcessMemory request was completed. (0x12B)
[1114/010215.046:ERROR:process_memory_win.cc(73)] ReadMemory at 0x24eb0f66e90 of 58 bytes failed: Only part of a ReadProcessMemory or WriteProcessMemory request was completed. (0x12B)
[1114/010215.046:ERROR:process_memory_win.cc(73)] ReadMemory at 0x24eb0f66f90 of 132 bytes failed: Only part of a ReadProcessMemory or WriteProcessMemory request was completed. (0x12B)
[1114/010215.046:ERROR:process_memory_win.cc(73)] ReadMemory at 0x24eb0f67120 of 132 bytes failed: Only part of a ReadProcessMemory or WriteProcessMemory request was completed. (0x12B)
[1114/010215.046:ERROR:process_memory_win.cc(73)] ReadMemory at 0x24eb0f672e0 of 126 bytes failed: Only part of a ReadProcessMemory or WriteProcessMemory request was completed. (0x12B)
[1114/010215.046:ERROR:process_memory_win.cc(73)] ReadMemory at 0x24eb0f677e0 of 132 bytes failed: Only part of a ReadProcessMemory or WriteProcessMemory request was completed. (0x12B)
[1114/010215.046:ERROR:process_memory_win.cc(73)] ReadMemory at 0x24eb0f67970 of 64 bytes failed: Only part of a ReadProcessMemory or WriteProcessMemory request was completed. (0x12B)
[1114/010215.046:ERROR:process_memory_win.cc(73)] ReadMemory at 0x24eb0f67b30 of 132 bytes failed: Only part of a ReadProcessMemory or WriteProcessMemory request was completed. (0x12B)
[1114/010215.046:ERROR:process_memory_win.cc(73)] ReadMemory at 0x24eb0f67df0 of 132 bytes failed: Only part of a ReadProcessMemory or WriteProcessMemory request was completed. (0x12B)
[1114/010215.047:ERROR:process_memory_win.cc(73)] ReadMemory at 0x24eb0f67f80 of 68 bytes failed: Only part of a ReadProcessMemory or WriteProcessMemory request was completed. (0x12B)
[1114/010215.047:ERROR:process_memory_win.cc(73)] ReadMemory at 0x24eb0f68fd0 of 132 bytes failed: Only part of a ReadProcessMemory or WriteProcessMemory request was completed. (0x12B)
[1114/010215.047:ERROR:process_memory_win.cc(73)] ReadMemory at 0x24eb0f69160 of 154 bytes failed: Only part of a ReadProcessMemory or WriteProcessMemory request was completed. (0x12B)
[1114/010215.047:ERROR:process_memory_win.cc(73)] ReadMemory at 0x24eb0f69f20 of 62 bytes failed: Only part of a ReadProcessMemory or WriteProcessMemory request was completed. (0x12B)
[1114/010215.047:ERROR:process_memory_win.cc(73)] ReadMemory at 0x24eb0f6a080 of 132 bytes failed: Only part of a ReadProcessMemory or WriteProcessMemory request was completed. (0x12B)
[1114/010215.047:ERROR:process_memory_win.cc(73)] ReadMemory at 0x24eb0f6a210 of 60 bytes failed: Only part of a ReadProcessMemory or WriteProcessMemory request was completed. (0x12B)
[1114/010215.047:ERROR:process_memory_win.cc(73)] ReadMemory at 0x24eb0f7dec0 of 80 bytes failed: Only part of a ReadProcessMemory or WriteProcessMemory request was completed. (0x12B)
[1114/010215.047:ERROR:process_memory_win.cc(73)] ReadMemory at 0x24eb0f7e820 of 132 bytes failed: Only part of a ReadProcessMemory or WriteProcessMemory request was completed. (0x12B)
[1114/010215.047:ERROR:process_memory_win.cc(73)] ReadMemory at 0x24eb0f7ea30 of 60 bytes failed: Only part of a ReadProcessMemory or WriteProcessMemory request was completed. (0x12B)
[1114/010215.047:ERROR:process_memory_win.cc(73)] ReadMemory at 0x24eb0f7ead0 of 60 bytes failed: Only part of a ReadProcessMemory or WriteProcessMemory request was completed. (0x12B)
[1114/010215.047:ERROR:process_memory_win.cc(73)] ReadMemory at 0x24eb0f7eb70 of 64 bytes failed: Only part of a ReadProcessMemory or WriteProcessMemory request was completed. (0x12B)
[1114/010215.047:ERROR:process_memory_win.cc(73)] ReadMemory at 0x24eb0f7ecb0 of 62 bytes failed: Only part of a ReadProcessMemory or WriteProcessMemory request was completed. (0x12B)
[1114/010215.047:ERROR:process_memory_win.cc(73)] ReadMemory at 0x24eb0f7ed00 of 62 bytes failed: Only part of a ReadProcessMemory or WriteProcessMemory request was completed. (0x12B)
[1114/010215.048:ERROR:process_memory_win.cc(73)] ReadMemory at 0x24eb0f7ef30 of 64 bytes failed: Only part of a ReadProcessMemory or WriteProcessMemory request was completed. (0x12B)
[1114/010215.048:ERROR:process_memory_win.cc(73)] ReadMemory at 0x24eb0f7ef80 of 62 bytes failed: Only part of a ReadProcessMemory or WriteProcessMemory request was completed. (0x12B)
[1114/010215.048:ERROR:process_memory_win.cc(73)] ReadMemory at 0x24eb0f7f110 of 64 bytes failed: Only part of a ReadProcessMemory or WriteProcessMemory request was completed. (0x12B)
[1114/010215.048:ERROR:process_memory_win.cc(73)] ReadMemory at 0x24eb0f7f1b0 of 64 bytes failed: Only part of a ReadProcessMemory or WriteProcessMemory request was completed. (0x12B)
[1114/010215.048:ERROR:process_memory_win.cc(73)] ReadMemory at 0x24eb0f7f2a0 of 58 bytes failed: Only part of a ReadProcessMemory or WriteProcessMemory request was completed. (0x12B)
[1114/010215.048:ERROR:process_memory_win.cc(73)] ReadMemory at 0x24eb0f7f2f0 of 66 bytes failed: Only part of a ReadProcessMemory or WriteProcessMemory request was completed. (0x12B)
[1114/010215.048:ERROR:process_memory_win.cc(73)] ReadMemory at 0x24eb0f7f390 of 62 bytes failed: Only part of a ReadProcessMemory or WriteProcessMemory request was completed. (0x12B)
[1114/010215.048:ERROR:process_memory_win.cc(73)] ReadMemory at 0x24eb0f7f430 of 60 bytes failed: Only part of a ReadProcessMemory or WriteProcessMemory request was completed. (0x12B)
[1114/010215.048:ERROR:process_memory_win.cc(73)] ReadMemory at 0x24eb0f7f520 of 64 bytes failed: Only part of a ReadProcessMemory or WriteProcessMemory request was completed. (0x12B)
[1114/010215.048:ERROR:process_memory_win.cc(73)] ReadMemory at 0x24eb0f7f570 of 62 bytes failed: Only part of a ReadProcessMemory or WriteProcessMemory request was completed. (0x12B)
[1114/010215.048:ERROR:process_memory_win.cc(73)] ReadMemory at 0x24eb0f7f610 of 62 bytes failed: Only part of a ReadProcessMemory or WriteProcessMemory request was completed. (0x12B)
[1114/010215.049:ERROR:process_memory_win.cc(73)] ReadMemory at 0x24eb0f7f750 of 64 bytes failed: Only part of a ReadProcessMemory or WriteProcessMemory request was completed. (0x12B)
[1114/010215.049:ERROR:process_memory_win.cc(73)] ReadMemory at 0x24eb0f7f7a0 of 62 bytes failed: Only part of a ReadProcessMemory or WriteProcessMemory request was completed. (0x12B)
[1114/010215.049:ERROR:process_memory_win.cc(73)] ReadMemory at 0x24eb0f7f840 of 64 bytes failed: Only part of a ReadProcessMemory or WriteProcessMemory request was completed. (0x12B)
[1114/010215.049:ERROR:process_memory_win.cc(73)] ReadMemory at 0x24eb0f7f8e0 of 62 bytes failed: Only part of a ReadProcessMemory or WriteProcessMemory request was completed. (0x12B)
[1114/010215.049:ERROR:process_memory_win.cc(73)] ReadMemory at 0x24eb0f7f980 of 62 bytes failed: Only part of a ReadProcessMemory or WriteProcessMemory request was completed. (0x12B)
[1114/010215.050:ERROR:process_memory_win.cc(73)] ReadMemory at 0x24eb0f82df0 of 132 bytes failed: Only part of a ReadProcessMemory or WriteProcessMemory request was completed. (0x12B)
[1114/010215.050:ERROR:process_memory_win.cc(73)] ReadMemory at 0x24eb0f83000 of 132 bytes failed: Only part of a ReadProcessMemory or WriteProcessMemory request was completed. (0x12B)
[1114/010215.050:ERROR:process_memory_win.cc(73)] ReadMemory at 0x24eb0f83230 of 132 bytes failed: Only part of a ReadProcessMemory or WriteProcessMemory request was completed. (0x12B)
[1114/010215.050:ERROR:process_memory_win.cc(73)] ReadMemory at 0x24eb0f83360 of 132 bytes failed: Only part of a ReadProcessMemory or WriteProcessMemory request was completed. (0x12B)
[1114/010215.050:ERROR:process_memory_win.cc(73)] ReadMemory at 0x24eb0f855c0 of 132 bytes failed: Only part of a ReadProcessMemory or WriteProcessMemory request was completed. (0x12B)
[1114/010215.050:ERROR:process_memory_win.cc(73)] ReadMemory at 0x24eb0f85a00 of 132 bytes failed: Only part of a ReadProcessMemory or WriteProcessMemory request was completed. (0x12B)
[1114/010215.050:ERROR:process_memory_win.cc(73)] ReadMemory at 0x24eb0f85e60 of 132 bytes failed: Only part of a ReadProcessMemory or WriteProcessMemory request was completed. (0x12B)
[1114/010215.050:ERROR:process_memory_win.cc(73)] ReadMemory at 0x24eb0f85f90 of 132 bytes failed: Only part of a ReadProcessMemory or WriteProcessMemory request was completed. (0x12B)
[1114/010215.051:ERROR:process_memory_win.cc(73)] ReadMemory at 0x24eb0f860c0 of 132 bytes failed: Only part of a ReadProcessMemory or WriteProcessMemory request was completed. (0x12B)
[1114/010215.051:ERROR:process_memory_win.cc(73)] ReadMemory at 0x24eb0f861f0 of 132 bytes failed: Only part of a ReadProcessMemory or WriteProcessMemory request was completed. (0x12B)
[1114/010215.051:ERROR:process_memory_win.cc(73)] ReadMemory at 0x24eb0f86320 of 132 bytes failed: Only part of a ReadProcessMemory or WriteProcessMemory request was completed. (0x12B)
[1114/010215.051:ERROR:process_memory_win.cc(73)] ReadMemory at 0x24eb0f86450 of 132 bytes failed: Only part of a ReadProcessMemory or WriteProcessMemory request was completed. (0x12B)
[1114/010215.051:ERROR:process_memory_win.cc(73)] ReadMemory at 0x24eb0f86580 of 132 bytes failed: Only part of a ReadProcessMemory or WriteProcessMemory request was completed. (0x12B)
[1114/010215.051:ERROR:process_memory_win.cc(73)] ReadMemory at 0x24eb0f866b0 of 132 bytes failed: Only part of a ReadProcessMemory or WriteProcessMemory request was completed. (0x12B)
[1114/010215.051:ERROR:process_memory_win.cc(73)] ReadMemory at 0x24eb0f867e0 of 132 bytes failed: Only part of a ReadProcessMemory or WriteProcessMemory request was completed. (0x12B)
[1114/010215.051:ERROR:process_memory_win.cc(73)] ReadMemory at 0x24eb0f86910 of 132 bytes failed: Only part of a ReadProcessMemory or WriteProcessMemory request was completed. (0x12B)
[1114/010215.051:ERROR:process_memory_win.cc(73)] ReadMemory at 0x24eb0f86a40 of 132 bytes failed: Only part of a ReadProcessMemory or WriteProcessMemory request was completed. (0x12B)
[1114/010215.051:ERROR:process_memory_win.cc(73)] ReadMemory at 0x24eb0f86b70 of 132 bytes failed: Only part of a ReadProcessMemory or WriteProcessMemory request was completed. (0x12B)
[1114/010215.051:ERROR:process_memory_win.cc(73)] ReadMemory at 0x24eb0f86ca0 of 132 bytes failed: Only part of a ReadProcessMemory or WriteProcessMemory request was completed. (0x12B)
[1114/010215.051:ERROR:process_memory_win.cc(73)] ReadMemory at 0x24eb0f89ca0 of 146 bytes failed: Only part of a ReadProcessMemory or WriteProcessMemory request was completed. (0x12B)
[1114/010215.051:ERROR:process_memory_win.cc(73)] ReadMemory at 0x24eb0f8eea0 of 132 bytes failed: Only part of a ReadProcessMemory or WriteProcessMemory request was completed. (0x12B)
[1114/010215.051:ERROR:process_memory_win.cc(73)] ReadMemory at 0x24eb0f92590 of 132 bytes failed: Only part of a ReadProcessMemory or WriteProcessMemory request was completed. (0x12B)
[1114/010215.052:ERROR:process_memory_win.cc(73)] ReadMemory at 0x24eb0f92920 of 132 bytes failed: Only part of a ReadProcessMemory or WriteProcessMemory request was completed. (0x12B)
[1114/010215.052:ERROR:process_memory_win.cc(73)] ReadMemory at 0x24eb0f92b80 of 132 bytes failed: Only part of a ReadProcessMemory or WriteProcessMemory request was completed. (0x12B)
[1114/010215.052:ERROR:process_memory_win.cc(73)] ReadMemory at 0x24eb0f92cb0 of 132 bytes failed: Only part of a ReadProcessMemory or WriteProcessMemory request was completed. (0x12B)
[1114/010215.052:ERROR:process_memory_win.cc(73)] ReadMemory at 0x24eb0f92de0 of 132 bytes failed: Only part of a ReadProcessMemory or WriteProcessMemory request was completed. (0x12B)
[1114/010215.052:ERROR:process_memory_win.cc(73)] ReadMemory at 0x24eb0f92f10 of 132 bytes failed: Only part of a ReadProcessMemory or WriteProcessMemory request was completed. (0x12B)
[1114/010215.052:ERROR:process_memory_win.cc(73)] ReadMemory at 0x24eb0f93040 of 132 bytes failed: Only part of a ReadProcessMemory or WriteProcessMemory request was completed. (0x12B)
[1114/010215.052:ERROR:process_memory_win.cc(73)] ReadMemory at 0x24eb0f932a0 of 132 bytes failed: Only part of a ReadProcessMemory or WriteProcessMemory request was completed. (0x12B)
[1114/010215.052:ERROR:process_memory_win.cc(73)] ReadMemory at 0x24eb0f93500 of 132 bytes failed: Only part of a ReadProcessMemory or WriteProcessMemory request was completed. (0x12B)
[1114/010215.052:ERROR:process_memory_win.cc(73)] ReadMemory at 0x24eb0f93630 of 132 bytes failed: Only part of a ReadProcessMemory or WriteProcessMemory request was completed. (0x12B)
[1114/010215.052:ERROR:process_memory_win.cc(73)] ReadMemory at 0x24eb0f93760 of 132 bytes failed: Only part of a ReadProcessMemory or WriteProcessMemory request was completed. (0x12B)
[1114/010330.455:ERROR:filesystem_win.cc(129)] GetFileAttributes C:\Users\p\AppData\Local\Temp\karma-34259685\Crashpad\attachments\a2fdebcf-9156-4f79-a743-1601a387e1c6: The system cannot find the path specified. (0x3)
