2017-09-22 09:41:59,790 [Worker-10] INFO  o.e.m.c.i.e.AbstractTransferListenerAdapter - Downloading https://repo.maven.apache.org/maven2/org/apache/maven/plugins/maven-eclipse-plugin/maven-metadata.xml
2017-09-22 09:41:59,823 [Worker-10] INFO  o.e.m.c.i.e.AbstractTransferListenerAdapter - Downloaded https://repo.maven.apache.org/maven2/org/apache/maven/plugins/maven-eclipse-plugin/maven-metadata.xml
2017-09-22 09:41:59,865 [Worker-10] INFO  o.e.m.c.i.e.AbstractTransferListenerAdapter - Downloading https://repo.maven.apache.org/maven2/org/apache/maven/plugins/maven-eclipse-plugin/2.10/maven-eclipse-plugin-2.10.pom
2017-09-22 09:41:59,900 [Worker-10] INFO  o.e.m.c.i.e.AbstractTransferListenerAdapter - Downloaded https://repo.maven.apache.org/maven2/org/apache/maven/plugins/maven-eclipse-plugin/2.10/maven-eclipse-plugin-2.10.pom
2017-09-22 09:42:00,008 [Worker-10] INFO  o.e.m.c.i.e.AbstractTransferListenerAdapter - Downloading https://repo.maven.apache.org/maven2/org/apache/maven/plugins/maven-eclipse-plugin/2.10/maven-eclipse-plugin-2.10.jar
2017-09-22 09:42:00,092 [Worker-10] INFO  o.e.m.c.i.e.AbstractTransferListenerAdapter - Downloaded https://repo.maven.apache.org/maven2/org/apache/maven/plugins/maven-eclipse-plugin/2.10/maven-eclipse-plugin-2.10.jar
2017-09-22 09:42:02,050 [Worker-10] INFO  o.e.m.c.i.l.LifecycleMappingFactory - Using org.maven.ide.eclipse.wtp.WarLifecycleMapping lifecycle mapping for MavenProject: no.apachecfx:CXF:1.0-SNAPSHOT @ C:\Workspace\JavaApp\CXF\CXF\pom.xml.
2017-09-22 09:42:04,315 [Worker-10] INFO  o.e.m.j.i.AbstractJavaProjectConfigurator - Adding source folder /CXF/src/main/java
2017-09-22 09:42:04,316 [Worker-10] INFO  o.e.m.j.i.AbstractJavaProjectConfigurator - Adding source folder /CXF/src/test/java
2017-09-22 09:42:08,491 [Worker-10] INFO  o.e.m.c.i.p.ProjectConfigurationManager - Imported and configured 1 project(s) in 9 sec
2017-09-22 09:42:12,152 [Worker-4] WARN  o.e.m.c.i.embedder.EclipseLogger - Using platform encoding (Cp1252 actually) to copy filtered resources, i.e. build is platform dependent!
2017-09-22 09:42:12,157 [Worker-4] INFO  o.e.m.c.i.embedder.EclipseLogger - skip non existing resourceDirectory C:\Workspace\JavaApp\CXF\CXF\src\main\resources
2017-09-22 09:42:12,163 [Worker-4] WARN  o.e.m.c.i.embedder.EclipseLogger - Using platform encoding (Cp1252 actually) to copy filtered resources, i.e. build is platform dependent!
2017-09-22 09:42:12,165 [Worker-4] INFO  o.e.m.c.i.embedder.EclipseLogger - skip non existing resourceDirectory C:\Workspace\JavaApp\CXF\CXF\src\test\resources
2017-09-22 09:51:55,809 [main] INFO  org.eclipse.jetty.util.log - Logging initialized @814704ms
2017-09-22 09:51:55,960 [main] INFO  org.eclipse.jetty.server.Server - jetty-9.2.13.v20150730
2017-09-22 09:51:56,023 [main] INFO  o.e.j.server.handler.ContextHandler - Started o.e.j.s.ServletContextHandler@7abe37fb{/wse,null,AVAILABLE}
2017-09-22 09:51:56,047 [main] INFO  o.e.jetty.server.ServerConnector - Started ServerConnector@5535df95{HTTP/1.1}{0.0.0.0:53300}
2017-09-22 09:51:56,048 [main] INFO  org.eclipse.jetty.server.Server - Started @814944ms
2017-09-22 09:52:16,209 [Framework stop] INFO  o.e.jetty.server.ServerConnector - Stopped ServerConnector@5535df95{HTTP/1.1}{0.0.0.0:0}
2017-09-22 09:52:16,313 [Framework stop] INFO  o.e.j.server.handler.ContextHandler - Stopped o.e.j.s.ServletContextHandler@7abe37fb{/wse,null,UNAVAILABLE}
