2017-09-26 08:59:48,036 [Worker-15] INFO  o.e.m.c.i.l.LifecycleMappingFactory - Using org.maven.ide.eclipse.wtp.WarLifecycleMapping lifecycle mapping for MavenProject: no.pluralsight:apache-cxf-jax-ws-demo:1.0-SNAPSHOT @ C:\Workspace\JavaApp\CXF\projects\apache-cxf-jax-ws-demo\pom.xml.
2017-09-26 08:59:51,779 [Worker-15] INFO  o.e.m.j.i.AbstractJavaProjectConfigurator - Adding source folder /apache-cxf-jax-ws-demo/src/main/java
2017-09-26 08:59:51,780 [Worker-15] INFO  o.e.m.j.i.AbstractJavaProjectConfigurator - Adding source folder /apache-cxf-jax-ws-demo/src/test/java
2017-09-26 08:59:56,730 [Worker-15] INFO  o.e.m.c.i.p.ProjectConfigurationManager - Imported and configured 1 project(s) in 11 sec
2017-09-26 08:59:58,942 [Worker-6] WARN  o.e.m.c.i.embedder.EclipseLogger - Using platform encoding (Cp1252 actually) to copy filtered resources, i.e. build is platform dependent!
2017-09-26 08:59:58,947 [Worker-6] INFO  o.e.m.c.i.embedder.EclipseLogger - skip non existing resourceDirectory C:\Workspace\JavaApp\CXF\projects\apache-cxf-jax-ws-demo\src\main\resources
2017-09-26 08:59:58,951 [Worker-6] WARN  o.e.m.c.i.embedder.EclipseLogger - Using platform encoding (Cp1252 actually) to copy filtered resources, i.e. build is platform dependent!
2017-09-26 08:59:58,958 [Worker-6] INFO  o.e.m.c.i.embedder.EclipseLogger - skip non existing resourceDirectory C:\Workspace\JavaApp\CXF\projects\apache-cxf-jax-ws-demo\src\test\resources
2017-09-26 08:59:59,254 [Worker-16] WARN  o.e.m.c.i.embedder.EclipseLogger - Using platform encoding (Cp1252 actually) to copy filtered resources, i.e. build is platform dependent!
2017-09-26 08:59:59,258 [Worker-16] INFO  o.e.m.c.i.embedder.EclipseLogger - skip non existing resourceDirectory C:\Workspace\JavaApp\CXF\projects\apache-cxf-jax-ws-demo\src\main\resources
2017-09-26 08:59:59,261 [Worker-16] WARN  o.e.m.c.i.embedder.EclipseLogger - Using platform encoding (Cp1252 actually) to copy filtered resources, i.e. build is platform dependent!
2017-09-26 08:59:59,264 [Worker-16] INFO  o.e.m.c.i.embedder.EclipseLogger - skip non existing resourceDirectory C:\Workspace\JavaApp\CXF\projects\apache-cxf-jax-ws-demo\src\test\resources
2017-09-26 09:46:24,659 [Worker-2] INFO  o.e.m.c.i.l.LifecycleMappingFactory - Using org.maven.ide.eclipse.wtp.WarLifecycleMapping lifecycle mapping for MavenProject: no.pluralsight:apache-cxf-jax-ws-demo:1.0-SNAPSHOT @ C:\Workspace\JavaApp\CXF\projects\apache-cxf-jax-ws-demo\pom.xml.
2017-09-26 09:46:32,390 [Worker-2] WARN  o.e.m.c.i.embedder.EclipseLogger - Using platform encoding (Cp1252 actually) to copy filtered resources, i.e. build is platform dependent!
2017-09-26 09:46:32,393 [Worker-2] INFO  o.e.m.c.i.embedder.EclipseLogger - skip non existing resourceDirectory C:\Workspace\JavaApp\CXF\projects\apache-cxf-jax-ws-demo\src\main\resources
2017-09-26 09:46:32,396 [Worker-2] WARN  o.e.m.c.i.embedder.EclipseLogger - Using platform encoding (Cp1252 actually) to copy filtered resources, i.e. build is platform dependent!
2017-09-26 09:46:32,397 [Worker-2] INFO  o.e.m.c.i.embedder.EclipseLogger - skip non existing resourceDirectory C:\Workspace\JavaApp\CXF\projects\apache-cxf-jax-ws-demo\src\test\resources
2017-09-26 09:46:37,754 [Worker-15] INFO  o.e.m.c.i.l.LifecycleMappingFactory - Using org.maven.ide.eclipse.wtp.WarLifecycleMapping lifecycle mapping for MavenProject: no.pluralsight:apache-cxf-jax-ws-demo:1.0-SNAPSHOT @ C:\Workspace\JavaApp\CXF\projects\apache-cxf-jax-ws-demo\pom.xml.
2017-09-26 09:46:50,541 [Worker-12] WARN  o.e.m.c.i.embedder.EclipseLogger - Using platform encoding (Cp1252 actually) to copy filtered resources, i.e. build is platform dependent!
2017-09-26 09:46:50,544 [Worker-12] INFO  o.e.m.c.i.embedder.EclipseLogger - skip non existing resourceDirectory C:\Workspace\JavaApp\CXF\projects\apache-cxf-jax-ws-demo\src\main\resources
2017-09-26 09:46:50,547 [Worker-12] WARN  o.e.m.c.i.embedder.EclipseLogger - Using platform encoding (Cp1252 actually) to copy filtered resources, i.e. build is platform dependent!
2017-09-26 09:46:50,548 [Worker-12] INFO  o.e.m.c.i.embedder.EclipseLogger - skip non existing resourceDirectory C:\Workspace\JavaApp\CXF\projects\apache-cxf-jax-ws-demo\src\test\resources
2017-09-26 15:22:50,542 [main] INFO  org.eclipse.jetty.util.log - Logging initialized @20217147ms
2017-09-26 15:22:50,703 [main] INFO  org.eclipse.jetty.server.Server - jetty-9.2.13.v20150730
2017-09-26 15:22:50,771 [main] INFO  o.e.j.server.handler.ContextHandler - Started o.e.j.s.ServletContextHandler@5d22f005{/wse,null,AVAILABLE}
2017-09-26 15:22:50,792 [main] INFO  o.e.jetty.server.ServerConnector - Started ServerConnector@2d18f95{HTTP/1.1}{0.0.0.0:64857}
2017-09-26 15:22:50,792 [main] INFO  org.eclipse.jetty.server.Server - Started @20217399ms
2017-09-26 15:51:02,612 [Worker-77] WARN  o.e.m.c.i.embedder.EclipseLogger - Using platform encoding (Cp1252 actually) to copy filtered resources, i.e. build is platform dependent!
2017-09-26 15:51:02,626 [Worker-77] INFO  o.e.m.c.i.embedder.EclipseLogger - skip non existing resourceDirectory C:\Workspace\JavaApp\CXF\projects\apache-cxf-jax-ws-demo\src\main\resources
2017-09-26 15:51:02,628 [Worker-77] WARN  o.e.m.c.i.embedder.EclipseLogger - Using platform encoding (Cp1252 actually) to copy filtered resources, i.e. build is platform dependent!
2017-09-26 15:51:02,630 [Worker-77] INFO  o.e.m.c.i.embedder.EclipseLogger - skip non existing resourceDirectory C:\Workspace\JavaApp\CXF\projects\apache-cxf-jax-ws-demo\src\test\resources
2017-09-26 15:51:18,677 [Worker-77] WARN  o.e.m.c.i.embedder.EclipseLogger - Using platform encoding (Cp1252 actually) to copy filtered resources, i.e. build is platform dependent!
2017-09-26 15:51:18,678 [Worker-77] INFO  o.e.m.c.i.embedder.EclipseLogger - skip non existing resourceDirectory C:\Workspace\JavaApp\CXF\projects\apache-cxf-jax-ws-demo\src\main\resources
2017-09-26 15:51:18,680 [Worker-77] WARN  o.e.m.c.i.embedder.EclipseLogger - Using platform encoding (Cp1252 actually) to copy filtered resources, i.e. build is platform dependent!
2017-09-26 15:51:18,682 [Worker-77] INFO  o.e.m.c.i.embedder.EclipseLogger - skip non existing resourceDirectory C:\Workspace\JavaApp\CXF\projects\apache-cxf-jax-ws-demo\src\test\resources
2017-09-26 15:52:15,976 [Worker-74] WARN  o.e.m.c.i.embedder.EclipseLogger - Using platform encoding (Cp1252 actually) to copy filtered resources, i.e. build is platform dependent!
2017-09-26 15:52:15,995 [Worker-74] INFO  o.e.m.c.i.embedder.EclipseLogger - skip non existing resourceDirectory C:\Workspace\JavaApp\CXF\projects\apache-cxf-jax-ws-demo\src\main\resources
2017-09-26 15:52:15,998 [Worker-74] WARN  o.e.m.c.i.embedder.EclipseLogger - Using platform encoding (Cp1252 actually) to copy filtered resources, i.e. build is platform dependent!
2017-09-26 15:52:15,999 [Worker-74] INFO  o.e.m.c.i.embedder.EclipseLogger - skip non existing resourceDirectory C:\Workspace\JavaApp\CXF\projects\apache-cxf-jax-ws-demo\src\test\resources
2017-09-26 15:52:18,111 [Worker-77] WARN  o.e.m.c.i.embedder.EclipseLogger - Using platform encoding (Cp1252 actually) to copy filtered resources, i.e. build is platform dependent!
2017-09-26 15:52:18,113 [Worker-77] INFO  o.e.m.c.i.embedder.EclipseLogger - skip non existing resourceDirectory C:\Workspace\JavaApp\CXF\projects\apache-cxf-jax-ws-demo\src\main\resources
2017-09-26 15:52:18,114 [Worker-77] WARN  o.e.m.c.i.embedder.EclipseLogger - Using platform encoding (Cp1252 actually) to copy filtered resources, i.e. build is platform dependent!
2017-09-26 15:52:18,116 [Worker-77] INFO  o.e.m.c.i.embedder.EclipseLogger - skip non existing resourceDirectory C:\Workspace\JavaApp\CXF\projects\apache-cxf-jax-ws-demo\src\test\resources
2017-09-26 15:52:26,430 [Worker-78] WARN  o.e.m.c.i.embedder.EclipseLogger - Using platform encoding (Cp1252 actually) to copy filtered resources, i.e. build is platform dependent!
2017-09-26 15:52:26,441 [Worker-78] INFO  o.e.m.c.i.embedder.EclipseLogger - skip non existing resourceDirectory C:\Workspace\JavaApp\CXF\projects\apache-cxf-jax-ws-demo\src\main\resources
2017-09-26 15:52:26,443 [Worker-78] WARN  o.e.m.c.i.embedder.EclipseLogger - Using platform encoding (Cp1252 actually) to copy filtered resources, i.e. build is platform dependent!
2017-09-26 15:52:26,445 [Worker-78] INFO  o.e.m.c.i.embedder.EclipseLogger - skip non existing resourceDirectory C:\Workspace\JavaApp\CXF\projects\apache-cxf-jax-ws-demo\src\test\resources
2017-09-26 16:07:46,992 [Worker-82] WARN  o.e.m.c.i.embedder.EclipseLogger - Using platform encoding (Cp1252 actually) to copy filtered resources, i.e. build is platform dependent!
2017-09-26 16:07:47,010 [Worker-82] INFO  o.e.m.c.i.embedder.EclipseLogger - Copying 2 resources
2017-09-26 16:07:47,038 [Worker-82] WARN  o.e.m.c.i.embedder.EclipseLogger - Using platform encoding (Cp1252 actually) to copy filtered resources, i.e. build is platform dependent!
2017-09-26 16:07:47,040 [Worker-82] INFO  o.e.m.c.i.embedder.EclipseLogger - skip non existing resourceDirectory C:\Workspace\JavaApp\CXF\projects\apache-cxf-jax-ws-demo\src\test\resources
2017-09-26 16:08:02,946 [Worker-82] WARN  o.e.m.c.i.embedder.EclipseLogger - Using platform encoding (Cp1252 actually) to copy filtered resources, i.e. build is platform dependent!
2017-09-26 16:08:02,950 [Worker-82] INFO  o.e.m.c.i.embedder.EclipseLogger - Copying 2 resources
2017-09-26 16:08:02,953 [Worker-82] WARN  o.e.m.c.i.embedder.EclipseLogger - Using platform encoding (Cp1252 actually) to copy filtered resources, i.e. build is platform dependent!
2017-09-26 16:08:02,955 [Worker-82] INFO  o.e.m.c.i.embedder.EclipseLogger - skip non existing resourceDirectory C:\Workspace\JavaApp\CXF\projects\apache-cxf-jax-ws-demo\src\test\resources
2017-09-26 16:08:10,949 [Worker-87] WARN  o.e.m.c.i.embedder.EclipseLogger - Using platform encoding (Cp1252 actually) to copy filtered resources, i.e. build is platform dependent!
2017-09-26 16:08:10,953 [Worker-87] INFO  o.e.m.c.i.embedder.EclipseLogger - Copying 2 resources
2017-09-26 16:08:10,956 [Worker-87] WARN  o.e.m.c.i.embedder.EclipseLogger - Using platform encoding (Cp1252 actually) to copy filtered resources, i.e. build is platform dependent!
2017-09-26 16:08:10,959 [Worker-87] INFO  o.e.m.c.i.embedder.EclipseLogger - skip non existing resourceDirectory C:\Workspace\JavaApp\CXF\projects\apache-cxf-jax-ws-demo\src\test\resources
2017-09-26 16:09:21,061 [Worker-85] WARN  o.e.m.c.i.embedder.EclipseLogger - Using platform encoding (Cp1252 actually) to copy filtered resources, i.e. build is platform dependent!
2017-09-26 16:09:21,063 [Worker-85] INFO  o.e.m.c.i.embedder.EclipseLogger - Copying 0 resource
2017-09-26 16:09:21,067 [Worker-85] WARN  o.e.m.c.i.embedder.EclipseLogger - Using platform encoding (Cp1252 actually) to copy filtered resources, i.e. build is platform dependent!
2017-09-26 16:09:21,069 [Worker-85] INFO  o.e.m.c.i.embedder.EclipseLogger - skip non existing resourceDirectory C:\Workspace\JavaApp\CXF\projects\apache-cxf-jax-ws-demo\src\test\resources
2017-09-26 16:09:31,270 [Worker-82] WARN  o.e.m.c.i.embedder.EclipseLogger - Using platform encoding (Cp1252 actually) to copy filtered resources, i.e. build is platform dependent!
2017-09-26 16:09:31,283 [Worker-82] INFO  o.e.m.c.i.embedder.EclipseLogger - Copying 2 resources
2017-09-26 16:09:31,287 [Worker-82] WARN  o.e.m.c.i.embedder.EclipseLogger - Using platform encoding (Cp1252 actually) to copy filtered resources, i.e. build is platform dependent!
2017-09-26 16:09:31,288 [Worker-82] INFO  o.e.m.c.i.embedder.EclipseLogger - skip non existing resourceDirectory C:\Workspace\JavaApp\CXF\projects\apache-cxf-jax-ws-demo\src\test\resources
2017-09-26 16:11:48,326 [Worker-87] WARN  o.e.m.c.i.embedder.EclipseLogger - Using platform encoding (Cp1252 actually) to copy filtered resources, i.e. build is platform dependent!
2017-09-26 16:11:48,329 [Worker-87] INFO  o.e.m.c.i.embedder.EclipseLogger - Copying 2 resources
2017-09-26 16:11:48,332 [Worker-87] WARN  o.e.m.c.i.embedder.EclipseLogger - Using platform encoding (Cp1252 actually) to copy filtered resources, i.e. build is platform dependent!
2017-09-26 16:11:48,334 [Worker-87] INFO  o.e.m.c.i.embedder.EclipseLogger - skip non existing resourceDirectory C:\Workspace\JavaApp\CXF\projects\apache-cxf-jax-ws-demo\src\test\resources
2017-09-26 16:11:51,569 [Framework stop] INFO  o.e.jetty.server.ServerConnector - Stopped ServerConnector@2d18f95{HTTP/1.1}{0.0.0.0:0}
2017-09-26 16:11:51,907 [Framework stop] INFO  o.e.j.server.handler.ContextHandler - Stopped o.e.j.s.ServletContextHandler@5d22f005{/wse,null,UNAVAILABLE}
2017-09-26 16:12:48,835 [Worker-8] WARN  o.e.m.c.i.embedder.EclipseLogger - Using platform encoding (Cp1252 actually) to copy filtered resources, i.e. build is platform dependent!
2017-09-26 16:12:48,861 [Worker-8] INFO  o.e.m.c.i.embedder.EclipseLogger - Copying 2 resources
2017-09-26 16:12:48,872 [Worker-8] WARN  o.e.m.c.i.embedder.EclipseLogger - Using platform encoding (Cp1252 actually) to copy filtered resources, i.e. build is platform dependent!
2017-09-26 16:12:48,875 [Worker-8] INFO  o.e.m.c.i.embedder.EclipseLogger - skip non existing resourceDirectory C:\Workspace\JavaApp\CXF\projects\apache-cxf-jax-ws-demo\src\test\resources
2017-09-26 16:14:27,510 [Worker-0] WARN  o.e.m.c.i.embedder.EclipseLogger - Using platform encoding (Cp1252 actually) to copy filtered resources, i.e. build is platform dependent!
2017-09-26 16:14:27,534 [Worker-0] INFO  o.e.m.c.i.embedder.EclipseLogger - Copying 2 resources
2017-09-26 16:14:27,550 [Worker-0] WARN  o.e.m.c.i.embedder.EclipseLogger - Using platform encoding (Cp1252 actually) to copy filtered resources, i.e. build is platform dependent!
2017-09-26 16:14:27,552 [Worker-0] INFO  o.e.m.c.i.embedder.EclipseLogger - skip non existing resourceDirectory C:\Workspace\JavaApp\CXF\projects\apache-cxf-jax-ws-demo\src\test\resources
2017-09-27 08:57:07,017 [Worker-9] WARN  o.e.m.c.i.embedder.EclipseLogger - Using platform encoding (Cp1252 actually) to copy filtered resources, i.e. build is platform dependent!
2017-09-27 08:57:07,031 [Worker-9] INFO  o.e.m.c.i.embedder.EclipseLogger - Copying 2 resources
2017-09-27 08:57:07,050 [Worker-9] WARN  o.e.m.c.i.embedder.EclipseLogger - Using platform encoding (Cp1252 actually) to copy filtered resources, i.e. build is platform dependent!
2017-09-27 08:57:07,051 [Worker-9] INFO  o.e.m.c.i.embedder.EclipseLogger - skip non existing resourceDirectory C:\Workspace\JavaApp\CXF\projects\apache-cxf-jax-ws-demo\src\test\resources
2017-09-27 09:03:21,785 [Worker-14] INFO  o.e.m.c.i.l.LifecycleMappingFactory - Using org.maven.ide.eclipse.wtp.WarLifecycleMapping lifecycle mapping for MavenProject: no.book.order:book-order:1.0-SNAPSHOT @ C:\Workspace\JavaApp\CXF\projects\book-order\pom.xml.
2017-09-27 09:03:22,152 [Worker-14] INFO  o.e.m.c.i.e.AbstractTransferListenerAdapter - Downloading https://repo.maven.apache.org/maven2/org/apache/cxf/cxf-rt-frontend-jaxws/3.1.13/cxf-rt-frontend-jaxws-3.1.13.pom
2017-09-27 09:03:22,179 [Worker-14] INFO  o.e.m.c.i.e.AbstractTransferListenerAdapter - Downloaded https://repo.maven.apache.org/maven2/org/apache/cxf/cxf-rt-frontend-jaxws/3.1.13/cxf-rt-frontend-jaxws-3.1.13.pom
2017-09-27 09:03:22,324 [Worker-14] INFO  o.e.m.c.i.e.AbstractTransferListenerAdapter - Downloading https://repo.maven.apache.org/maven2/org/ow2/asm/asm/5.0.4/asm-5.0.4.pom
2017-09-27 09:03:22,358 [Worker-14] INFO  o.e.m.c.i.e.AbstractTransferListenerAdapter - Downloaded https://repo.maven.apache.org/maven2/org/ow2/asm/asm/5.0.4/asm-5.0.4.pom
2017-09-27 09:03:22,395 [Worker-14] INFO  o.e.m.c.i.e.AbstractTransferListenerAdapter - Downloading https://repo.maven.apache.org/maven2/org/ow2/asm/asm-parent/5.0.4/asm-parent-5.0.4.pom
2017-09-27 09:03:22,417 [Worker-14] INFO  o.e.m.c.i.e.AbstractTransferListenerAdapter - Downloaded https://repo.maven.apache.org/maven2/org/ow2/asm/asm-parent/5.0.4/asm-parent-5.0.4.pom
2017-09-27 09:03:22,449 [Worker-14] INFO  o.e.m.c.i.e.AbstractTransferListenerAdapter - Downloading https://repo.maven.apache.org/maven2/org/apache/cxf/cxf-core/3.1.13/cxf-core-3.1.13.pom
2017-09-27 09:03:22,495 [Worker-14] INFO  o.e.m.c.i.e.AbstractTransferListenerAdapter - Downloaded https://repo.maven.apache.org/maven2/org/apache/cxf/cxf-core/3.1.13/cxf-core-3.1.13.pom
2017-09-27 09:03:22,529 [Worker-14] INFO  o.e.m.c.i.e.AbstractTransferListenerAdapter - Downloading https://repo.maven.apache.org/maven2/org/codehaus/woodstox/woodstox-core-asl/4.4.1/woodstox-core-asl-4.4.1.pom
2017-09-27 09:03:22,548 [Worker-14] INFO  o.e.m.c.i.e.AbstractTransferListenerAdapter - Downloaded https://repo.maven.apache.org/maven2/org/codehaus/woodstox/woodstox-core-asl/4.4.1/woodstox-core-asl-4.4.1.pom
2017-09-27 09:03:22,598 [Worker-14] INFO  o.e.m.c.i.e.AbstractTransferListenerAdapter - Downloading https://repo.maven.apache.org/maven2/org/apache/cxf/cxf-rt-bindings-soap/3.1.13/cxf-rt-bindings-soap-3.1.13.pom
2017-09-27 09:03:22,617 [Worker-14] INFO  o.e.m.c.i.e.AbstractTransferListenerAdapter - Downloaded https://repo.maven.apache.org/maven2/org/apache/cxf/cxf-rt-bindings-soap/3.1.13/cxf-rt-bindings-soap-3.1.13.pom
2017-09-27 09:03:22,660 [Worker-14] INFO  o.e.m.c.i.e.AbstractTransferListenerAdapter - Downloading https://repo.maven.apache.org/maven2/org/apache/cxf/cxf-rt-wsdl/3.1.13/cxf-rt-wsdl-3.1.13.pom
2017-09-27 09:03:22,685 [Worker-14] INFO  o.e.m.c.i.e.AbstractTransferListenerAdapter - Downloaded https://repo.maven.apache.org/maven2/org/apache/cxf/cxf-rt-wsdl/3.1.13/cxf-rt-wsdl-3.1.13.pom
2017-09-27 09:03:22,721 [Worker-14] INFO  o.e.m.c.i.e.AbstractTransferListenerAdapter - Downloading https://repo.maven.apache.org/maven2/org/apache/cxf/cxf-rt-databinding-jaxb/3.1.13/cxf-rt-databinding-jaxb-3.1.13.pom
2017-09-27 09:03:22,740 [Worker-14] INFO  o.e.m.c.i.e.AbstractTransferListenerAdapter - Downloaded https://repo.maven.apache.org/maven2/org/apache/cxf/cxf-rt-databinding-jaxb/3.1.13/cxf-rt-databinding-jaxb-3.1.13.pom
2017-09-27 09:03:22,775 [Worker-14] INFO  o.e.m.c.i.e.AbstractTransferListenerAdapter - Downloading https://repo.maven.apache.org/maven2/com/sun/xml/bind/jaxb-impl/2.2.11/jaxb-impl-2.2.11.pom
2017-09-27 09:03:22,794 [Worker-14] INFO  o.e.m.c.i.e.AbstractTransferListenerAdapter - Downloaded https://repo.maven.apache.org/maven2/com/sun/xml/bind/jaxb-impl/2.2.11/jaxb-impl-2.2.11.pom
2017-09-27 09:03:22,820 [Worker-14] INFO  o.e.m.c.i.e.AbstractTransferListenerAdapter - Downloading https://repo.maven.apache.org/maven2/com/sun/xml/bind/mvn/jaxb-bundles/2.2.11/jaxb-bundles-2.2.11.pom
2017-09-27 09:03:22,836 [Worker-14] INFO  o.e.m.c.i.e.AbstractTransferListenerAdapter - Downloaded https://repo.maven.apache.org/maven2/com/sun/xml/bind/mvn/jaxb-bundles/2.2.11/jaxb-bundles-2.2.11.pom
2017-09-27 09:03:22,867 [Worker-14] INFO  o.e.m.c.i.e.AbstractTransferListenerAdapter - Downloading https://repo.maven.apache.org/maven2/com/sun/xml/bind/mvn/jaxb-parent/2.2.11/jaxb-parent-2.2.11.pom
2017-09-27 09:03:22,898 [Worker-14] INFO  o.e.m.c.i.e.AbstractTransferListenerAdapter - Downloaded https://repo.maven.apache.org/maven2/com/sun/xml/bind/mvn/jaxb-parent/2.2.11/jaxb-parent-2.2.11.pom
2017-09-27 09:03:22,925 [Worker-14] INFO  o.e.m.c.i.e.AbstractTransferListenerAdapter - Downloading https://repo.maven.apache.org/maven2/com/sun/xml/bind/jaxb-bom-ext/2.2.11/jaxb-bom-ext-2.2.11.pom
2017-09-27 09:03:22,944 [Worker-14] INFO  o.e.m.c.i.e.AbstractTransferListenerAdapter - Downloaded https://repo.maven.apache.org/maven2/com/sun/xml/bind/jaxb-bom-ext/2.2.11/jaxb-bom-ext-2.2.11.pom
2017-09-27 09:03:22,971 [Worker-14] INFO  o.e.m.c.i.e.AbstractTransferListenerAdapter - Downloading https://repo.maven.apache.org/maven2/org/glassfish/jaxb/jaxb-bom/2.2.11/jaxb-bom-2.2.11.pom
2017-09-27 09:03:23,001 [Worker-14] INFO  o.e.m.c.i.e.AbstractTransferListenerAdapter - Downloaded https://repo.maven.apache.org/maven2/org/glassfish/jaxb/jaxb-bom/2.2.11/jaxb-bom-2.2.11.pom
2017-09-27 09:03:23,026 [Worker-14] INFO  o.e.m.c.i.e.AbstractTransferListenerAdapter - Downloading https://repo.maven.apache.org/maven2/net/java/jvnet-parent/4/jvnet-parent-4.pom
2017-09-27 09:03:23,044 [Worker-14] INFO  o.e.m.c.i.e.AbstractTransferListenerAdapter - Downloaded https://repo.maven.apache.org/maven2/net/java/jvnet-parent/4/jvnet-parent-4.pom
2017-09-27 09:03:23,060 [Worker-14] WARN  o.e.m.c.i.embedder.EclipseLogger - The POM for com.sun.xml.bind:jaxb-impl:jar:2.2.11 is invalid, transitive dependencies (if any) will not be available, enable debug logging for more details
2017-09-27 09:03:23,079 [Worker-14] INFO  o.e.m.c.i.e.AbstractTransferListenerAdapter - Downloading https://repo.maven.apache.org/maven2/com/sun/xml/bind/jaxb-core/2.2.11/jaxb-core-2.2.11.pom
2017-09-27 09:03:23,101 [Worker-14] INFO  o.e.m.c.i.e.AbstractTransferListenerAdapter - Downloaded https://repo.maven.apache.org/maven2/com/sun/xml/bind/jaxb-core/2.2.11/jaxb-core-2.2.11.pom
2017-09-27 09:03:23,114 [Worker-14] WARN  o.e.m.c.i.embedder.EclipseLogger - The POM for com.sun.xml.bind:jaxb-core:jar:2.2.11 is invalid, transitive dependencies (if any) will not be available, enable debug logging for more details
2017-09-27 09:03:23,158 [Worker-14] INFO  o.e.m.c.i.e.AbstractTransferListenerAdapter - Downloading https://repo.maven.apache.org/maven2/org/apache/cxf/cxf-rt-bindings-xml/3.1.13/cxf-rt-bindings-xml-3.1.13.pom
2017-09-27 09:03:23,182 [Worker-14] INFO  o.e.m.c.i.e.AbstractTransferListenerAdapter - Downloaded https://repo.maven.apache.org/maven2/org/apache/cxf/cxf-rt-bindings-xml/3.1.13/cxf-rt-bindings-xml-3.1.13.pom
2017-09-27 09:03:23,217 [Worker-14] INFO  o.e.m.c.i.e.AbstractTransferListenerAdapter - Downloading https://repo.maven.apache.org/maven2/org/apache/cxf/cxf-rt-frontend-simple/3.1.13/cxf-rt-frontend-simple-3.1.13.pom
2017-09-27 09:03:23,235 [Worker-14] INFO  o.e.m.c.i.e.AbstractTransferListenerAdapter - Downloaded https://repo.maven.apache.org/maven2/org/apache/cxf/cxf-rt-frontend-simple/3.1.13/cxf-rt-frontend-simple-3.1.13.pom
2017-09-27 09:03:23,275 [Worker-14] INFO  o.e.m.c.i.e.AbstractTransferListenerAdapter - Downloading https://repo.maven.apache.org/maven2/org/apache/cxf/cxf-rt-ws-addr/3.1.13/cxf-rt-ws-addr-3.1.13.pom
2017-09-27 09:03:23,294 [Worker-14] INFO  o.e.m.c.i.e.AbstractTransferListenerAdapter - Downloaded https://repo.maven.apache.org/maven2/org/apache/cxf/cxf-rt-ws-addr/3.1.13/cxf-rt-ws-addr-3.1.13.pom
2017-09-27 09:03:23,334 [Worker-14] INFO  o.e.m.c.i.e.AbstractTransferListenerAdapter - Downloading https://repo.maven.apache.org/maven2/org/apache/cxf/cxf-rt-ws-policy/3.1.13/cxf-rt-ws-policy-3.1.13.pom
2017-09-27 09:03:23,363 [Worker-14] INFO  o.e.m.c.i.e.AbstractTransferListenerAdapter - Downloaded https://repo.maven.apache.org/maven2/org/apache/cxf/cxf-rt-ws-policy/3.1.13/cxf-rt-ws-policy-3.1.13.pom
2017-09-27 09:03:23,405 [Worker-14] INFO  o.e.m.c.i.e.AbstractTransferListenerAdapter - Downloading https://repo.maven.apache.org/maven2/org/apache/cxf/cxf-rt-transports-http/3.1.13/cxf-rt-transports-http-3.1.13.pom
2017-09-27 09:03:23,531 [Worker-14] INFO  o.e.m.c.i.e.AbstractTransferListenerAdapter - Downloaded https://repo.maven.apache.org/maven2/org/apache/cxf/cxf-rt-transports-http/3.1.13/cxf-rt-transports-http-3.1.13.pom
2017-09-27 09:03:23,574 [Worker-14] INFO  o.e.m.c.i.e.AbstractTransferListenerAdapter - Downloading https://repo.maven.apache.org/maven2/org/springframework/spring-web/4.1.9.RELEASE/spring-web-4.1.9.RELEASE.pom
2017-09-27 09:03:23,593 [Worker-14] INFO  o.e.m.c.i.e.AbstractTransferListenerAdapter - Downloaded https://repo.maven.apache.org/maven2/org/springframework/spring-web/4.1.9.RELEASE/spring-web-4.1.9.RELEASE.pom
2017-09-27 09:03:23,626 [Worker-14] INFO  o.e.m.c.i.e.AbstractTransferListenerAdapter - Downloading https://repo.maven.apache.org/maven2/org/springframework/spring-aop/4.1.9.RELEASE/spring-aop-4.1.9.RELEASE.pom
2017-09-27 09:03:23,645 [Worker-14] INFO  o.e.m.c.i.e.AbstractTransferListenerAdapter - Downloaded https://repo.maven.apache.org/maven2/org/springframework/spring-aop/4.1.9.RELEASE/spring-aop-4.1.9.RELEASE.pom
2017-09-27 09:03:23,682 [Worker-14] INFO  o.e.m.c.i.e.AbstractTransferListenerAdapter - Downloading https://repo.maven.apache.org/maven2/org/springframework/spring-beans/4.1.9.RELEASE/spring-beans-4.1.9.RELEASE.pom
2017-09-27 09:03:23,705 [Worker-14] INFO  o.e.m.c.i.e.AbstractTransferListenerAdapter - Downloaded https://repo.maven.apache.org/maven2/org/springframework/spring-beans/4.1.9.RELEASE/spring-beans-4.1.9.RELEASE.pom
2017-09-27 09:03:23,730 [Worker-14] INFO  o.e.m.c.i.e.AbstractTransferListenerAdapter - Downloading https://repo.maven.apache.org/maven2/org/springframework/spring-core/4.1.9.RELEASE/spring-core-4.1.9.RELEASE.pom
2017-09-27 09:03:23,749 [Worker-14] INFO  o.e.m.c.i.e.AbstractTransferListenerAdapter - Downloaded https://repo.maven.apache.org/maven2/org/springframework/spring-core/4.1.9.RELEASE/spring-core-4.1.9.RELEASE.pom
2017-09-27 09:03:23,790 [Worker-14] INFO  o.e.m.c.i.e.AbstractTransferListenerAdapter - Downloading https://repo.maven.apache.org/maven2/org/springframework/spring-context/4.1.9.RELEASE/spring-context-4.1.9.RELEASE.pom
2017-09-27 09:03:23,811 [Worker-14] INFO  o.e.m.c.i.e.AbstractTransferListenerAdapter - Downloaded https://repo.maven.apache.org/maven2/org/springframework/spring-context/4.1.9.RELEASE/spring-context-4.1.9.RELEASE.pom
2017-09-27 09:03:23,840 [Worker-14] INFO  o.e.m.c.i.e.AbstractTransferListenerAdapter - Downloading https://repo.maven.apache.org/maven2/org/springframework/spring-expression/4.1.9.RELEASE/spring-expression-4.1.9.RELEASE.pom
2017-09-27 09:03:23,858 [Worker-14] INFO  o.e.m.c.i.e.AbstractTransferListenerAdapter - Downloaded https://repo.maven.apache.org/maven2/org/springframework/spring-expression/4.1.9.RELEASE/spring-expression-4.1.9.RELEASE.pom
2017-09-27 09:03:24,105 [Worker-14] INFO  o.e.m.c.i.e.AbstractTransferListenerAdapter - Downloading https://repo.maven.apache.org/maven2/org/apache/cxf/cxf-rt-frontend-jaxws/3.1.13/cxf-rt-frontend-jaxws-3.1.13.jar
2017-09-27 09:03:24,228 [Worker-14] INFO  o.e.m.c.i.e.AbstractTransferListenerAdapter - Downloaded https://repo.maven.apache.org/maven2/org/apache/cxf/cxf-rt-frontend-jaxws/3.1.13/cxf-rt-frontend-jaxws-3.1.13.jar
2017-09-27 09:03:24,243 [Worker-14] INFO  o.e.m.c.i.e.AbstractTransferListenerAdapter - Downloading https://repo.maven.apache.org/maven2/org/ow2/asm/asm/5.0.4/asm-5.0.4.jar
2017-09-27 09:03:24,288 [Worker-14] INFO  o.e.m.c.i.e.AbstractTransferListenerAdapter - Downloaded https://repo.maven.apache.org/maven2/org/ow2/asm/asm/5.0.4/asm-5.0.4.jar
2017-09-27 09:03:24,348 [Worker-14] INFO  o.e.m.c.i.e.AbstractTransferListenerAdapter - Downloading https://repo.maven.apache.org/maven2/org/apache/cxf/cxf-core/3.1.13/cxf-core-3.1.13.jar
2017-09-27 09:03:24,663 [Worker-14] INFO  o.e.m.c.i.e.AbstractTransferListenerAdapter - Downloaded https://repo.maven.apache.org/maven2/org/apache/cxf/cxf-core/3.1.13/cxf-core-3.1.13.jar
2017-09-27 09:03:24,675 [Worker-14] INFO  o.e.m.c.i.e.AbstractTransferListenerAdapter - Downloading https://repo.maven.apache.org/maven2/org/codehaus/woodstox/woodstox-core-asl/4.4.1/woodstox-core-asl-4.4.1.jar
2017-09-27 09:03:24,787 [Worker-14] INFO  o.e.m.c.i.e.AbstractTransferListenerAdapter - Downloaded https://repo.maven.apache.org/maven2/org/codehaus/woodstox/woodstox-core-asl/4.4.1/woodstox-core-asl-4.4.1.jar
2017-09-27 09:03:24,808 [Worker-14] INFO  o.e.m.c.i.e.AbstractTransferListenerAdapter - Downloading https://repo.maven.apache.org/maven2/org/apache/cxf/cxf-rt-bindings-soap/3.1.13/cxf-rt-bindings-soap-3.1.13.jar
2017-09-27 09:03:24,863 [Worker-14] INFO  o.e.m.c.i.e.AbstractTransferListenerAdapter - Downloaded https://repo.maven.apache.org/maven2/org/apache/cxf/cxf-rt-bindings-soap/3.1.13/cxf-rt-bindings-soap-3.1.13.jar
2017-09-27 09:03:24,898 [Worker-14] INFO  o.e.m.c.i.e.AbstractTransferListenerAdapter - Downloading https://repo.maven.apache.org/maven2/org/apache/cxf/cxf-rt-wsdl/3.1.13/cxf-rt-wsdl-3.1.13.jar
2017-09-27 09:03:24,944 [Worker-14] INFO  o.e.m.c.i.e.AbstractTransferListenerAdapter - Downloaded https://repo.maven.apache.org/maven2/org/apache/cxf/cxf-rt-wsdl/3.1.13/cxf-rt-wsdl-3.1.13.jar
2017-09-27 09:03:24,960 [Worker-14] INFO  o.e.m.c.i.e.AbstractTransferListenerAdapter - Downloading https://repo.maven.apache.org/maven2/org/apache/cxf/cxf-rt-databinding-jaxb/3.1.13/cxf-rt-databinding-jaxb-3.1.13.jar
2017-09-27 09:03:24,998 [Worker-14] INFO  o.e.m.c.i.e.AbstractTransferListenerAdapter - Downloaded https://repo.maven.apache.org/maven2/org/apache/cxf/cxf-rt-databinding-jaxb/3.1.13/cxf-rt-databinding-jaxb-3.1.13.jar
2017-09-27 09:03:25,013 [Worker-14] INFO  o.e.m.c.i.e.AbstractTransferListenerAdapter - Downloading https://repo.maven.apache.org/maven2/com/sun/xml/bind/jaxb-impl/2.2.11/jaxb-impl-2.2.11.jar
2017-09-27 09:03:25,165 [Worker-14] INFO  o.e.m.c.i.e.AbstractTransferListenerAdapter - Downloaded https://repo.maven.apache.org/maven2/com/sun/xml/bind/jaxb-impl/2.2.11/jaxb-impl-2.2.11.jar
2017-09-27 09:03:25,179 [Worker-14] INFO  o.e.m.c.i.e.AbstractTransferListenerAdapter - Downloading https://repo.maven.apache.org/maven2/com/sun/xml/bind/jaxb-core/2.2.11/jaxb-core-2.2.11.jar
2017-09-27 09:03:25,230 [Worker-14] INFO  o.e.m.c.i.e.AbstractTransferListenerAdapter - Downloaded https://repo.maven.apache.org/maven2/com/sun/xml/bind/jaxb-core/2.2.11/jaxb-core-2.2.11.jar
2017-09-27 09:03:25,246 [Worker-14] INFO  o.e.m.c.i.e.AbstractTransferListenerAdapter - Downloading https://repo.maven.apache.org/maven2/org/apache/cxf/cxf-rt-bindings-xml/3.1.13/cxf-rt-bindings-xml-3.1.13.jar
2017-09-27 09:03:25,271 [Worker-14] INFO  o.e.m.c.i.e.AbstractTransferListenerAdapter - Downloaded https://repo.maven.apache.org/maven2/org/apache/cxf/cxf-rt-bindings-xml/3.1.13/cxf-rt-bindings-xml-3.1.13.jar
2017-09-27 09:03:25,677 [Worker-14] INFO  o.e.m.c.i.e.AbstractTransferListenerAdapter - Downloading https://repo.maven.apache.org/maven2/org/apache/cxf/cxf-rt-frontend-simple/3.1.13/cxf-rt-frontend-simple-3.1.13.jar
2017-09-27 09:03:25,731 [Worker-14] INFO  o.e.m.c.i.e.AbstractTransferListenerAdapter - Downloaded https://repo.maven.apache.org/maven2/org/apache/cxf/cxf-rt-frontend-simple/3.1.13/cxf-rt-frontend-simple-3.1.13.jar
2017-09-27 09:03:25,753 [Worker-14] INFO  o.e.m.c.i.e.AbstractTransferListenerAdapter - Downloading https://repo.maven.apache.org/maven2/org/apache/cxf/cxf-rt-ws-addr/3.1.13/cxf-rt-ws-addr-3.1.13.jar
2017-09-27 09:03:25,801 [Worker-14] INFO  o.e.m.c.i.e.AbstractTransferListenerAdapter - Downloaded https://repo.maven.apache.org/maven2/org/apache/cxf/cxf-rt-ws-addr/3.1.13/cxf-rt-ws-addr-3.1.13.jar
2017-09-27 09:03:25,931 [Worker-14] INFO  o.e.m.c.i.e.AbstractTransferListenerAdapter - Downloading https://repo.maven.apache.org/maven2/org/apache/cxf/cxf-rt-ws-policy/3.1.13/cxf-rt-ws-policy-3.1.13.jar
2017-09-27 09:03:25,988 [Worker-14] INFO  o.e.m.c.i.e.AbstractTransferListenerAdapter - Downloaded https://repo.maven.apache.org/maven2/org/apache/cxf/cxf-rt-ws-policy/3.1.13/cxf-rt-ws-policy-3.1.13.jar
2017-09-27 09:03:26,010 [Worker-14] INFO  o.e.m.c.i.e.AbstractTransferListenerAdapter - Downloading https://repo.maven.apache.org/maven2/org/apache/cxf/cxf-rt-transports-http/3.1.13/cxf-rt-transports-http-3.1.13.jar
2017-09-27 09:03:26,073 [Worker-14] INFO  o.e.m.c.i.e.AbstractTransferListenerAdapter - Downloaded https://repo.maven.apache.org/maven2/org/apache/cxf/cxf-rt-transports-http/3.1.13/cxf-rt-transports-http-3.1.13.jar
2017-09-27 09:03:26,084 [Worker-14] INFO  o.e.m.c.i.e.AbstractTransferListenerAdapter - Downloading https://repo.maven.apache.org/maven2/org/springframework/spring-web/4.1.9.RELEASE/spring-web-4.1.9.RELEASE.jar
2017-09-27 09:03:26,195 [Worker-14] INFO  o.e.m.c.i.e.AbstractTransferListenerAdapter - Downloaded https://repo.maven.apache.org/maven2/org/springframework/spring-web/4.1.9.RELEASE/spring-web-4.1.9.RELEASE.jar
2017-09-27 09:03:26,227 [Worker-14] INFO  o.e.m.c.i.e.AbstractTransferListenerAdapter - Downloading https://repo.maven.apache.org/maven2/org/springframework/spring-aop/4.1.9.RELEASE/spring-aop-4.1.9.RELEASE.jar
2017-09-27 09:03:26,295 [Worker-14] INFO  o.e.m.c.i.e.AbstractTransferListenerAdapter - Downloaded https://repo.maven.apache.org/maven2/org/springframework/spring-aop/4.1.9.RELEASE/spring-aop-4.1.9.RELEASE.jar
2017-09-27 09:03:26,307 [Worker-14] INFO  o.e.m.c.i.e.AbstractTransferListenerAdapter - Downloading https://repo.maven.apache.org/maven2/org/springframework/spring-beans/4.1.9.RELEASE/spring-beans-4.1.9.RELEASE.jar
2017-09-27 09:03:26,410 [Worker-14] INFO  o.e.m.c.i.e.AbstractTransferListenerAdapter - Downloaded https://repo.maven.apache.org/maven2/org/springframework/spring-beans/4.1.9.RELEASE/spring-beans-4.1.9.RELEASE.jar
2017-09-27 09:03:26,442 [Worker-14] INFO  o.e.m.c.i.e.AbstractTransferListenerAdapter - Downloading https://repo.maven.apache.org/maven2/org/springframework/spring-context/4.1.9.RELEASE/spring-context-4.1.9.RELEASE.jar
2017-09-27 09:03:26,603 [Worker-14] INFO  o.e.m.c.i.e.AbstractTransferListenerAdapter - Downloaded https://repo.maven.apache.org/maven2/org/springframework/spring-context/4.1.9.RELEASE/spring-context-4.1.9.RELEASE.jar
2017-09-27 09:03:26,621 [Worker-14] INFO  o.e.m.c.i.e.AbstractTransferListenerAdapter - Downloading https://repo.maven.apache.org/maven2/org/springframework/spring-expression/4.1.9.RELEASE/spring-expression-4.1.9.RELEASE.jar
2017-09-27 09:03:26,708 [Worker-14] INFO  o.e.m.c.i.e.AbstractTransferListenerAdapter - Downloaded https://repo.maven.apache.org/maven2/org/springframework/spring-expression/4.1.9.RELEASE/spring-expression-4.1.9.RELEASE.jar
2017-09-27 09:03:26,750 [Worker-14] INFO  o.e.m.c.i.e.AbstractTransferListenerAdapter - Downloading https://repo.maven.apache.org/maven2/org/springframework/spring-core/4.1.9.RELEASE/spring-core-4.1.9.RELEASE.jar
2017-09-27 09:03:26,887 [Worker-14] INFO  o.e.m.c.i.e.AbstractTransferListenerAdapter - Downloaded https://repo.maven.apache.org/maven2/org/springframework/spring-core/4.1.9.RELEASE/spring-core-4.1.9.RELEASE.jar
2017-09-27 09:03:28,074 [Worker-14] INFO  o.e.m.j.i.AbstractJavaProjectConfigurator - Adding source folder /book-order/src/main/java
2017-09-27 09:03:28,075 [Worker-14] INFO  o.e.m.j.i.AbstractJavaProjectConfigurator - Adding source folder /book-order/src/test/java
2017-09-27 09:03:30,350 [Worker-14] WARN  o.e.m.c.i.embedder.EclipseLogger - The POM for com.sun.xml.bind:jaxb-impl:jar:2.2.11 is invalid, transitive dependencies (if any) will not be available, enable debug logging for more details
2017-09-27 09:03:30,359 [Worker-14] WARN  o.e.m.c.i.embedder.EclipseLogger - The POM for com.sun.xml.bind:jaxb-core:jar:2.2.11 is invalid, transitive dependencies (if any) will not be available, enable debug logging for more details
2017-09-27 09:03:30,656 [Worker-14] INFO  o.e.m.c.i.p.ProjectConfigurationManager - Imported and configured 1 project(s) in 10 sec
2017-09-27 09:03:31,358 [Worker-14] WARN  o.e.m.c.i.embedder.EclipseLogger - The POM for com.sun.xml.bind:jaxb-impl:jar:2.2.11 is invalid, transitive dependencies (if any) will not be available, enable debug logging for more details
2017-09-27 09:03:31,369 [Worker-14] WARN  o.e.m.c.i.embedder.EclipseLogger - The POM for com.sun.xml.bind:jaxb-core:jar:2.2.11 is invalid, transitive dependencies (if any) will not be available, enable debug logging for more details
2017-09-27 09:03:31,640 [Worker-14] WARN  o.e.m.c.i.embedder.EclipseLogger - Using platform encoding (Cp1252 actually) to copy filtered resources, i.e. build is platform dependent!
2017-09-27 09:03:31,641 [Worker-14] INFO  o.e.m.c.i.embedder.EclipseLogger - skip non existing resourceDirectory C:\Workspace\JavaApp\CXF\projects\book-order\src\main\resources
2017-09-27 09:03:31,643 [Worker-14] WARN  o.e.m.c.i.embedder.EclipseLogger - Using platform encoding (Cp1252 actually) to copy filtered resources, i.e. build is platform dependent!
2017-09-27 09:03:31,645 [Worker-14] INFO  o.e.m.c.i.embedder.EclipseLogger - skip non existing resourceDirectory C:\Workspace\JavaApp\CXF\projects\book-order\src\test\resources
2017-09-27 09:13:07,609 [main] INFO  org.eclipse.jetty.util.log - Logging initialized @984593ms
2017-09-27 09:13:07,751 [main] INFO  org.eclipse.jetty.server.Server - jetty-9.2.13.v20150730
2017-09-27 09:13:07,810 [main] INFO  o.e.j.server.handler.ContextHandler - Started o.e.j.s.ServletContextHandler@1584b588{/wse,null,AVAILABLE}
2017-09-27 09:13:07,836 [main] INFO  o.e.jetty.server.ServerConnector - Started ServerConnector@f06a5b3{HTTP/1.1}{0.0.0.0:50733}
2017-09-27 09:13:07,836 [main] INFO  org.eclipse.jetty.server.Server - Started @984821ms
2017-09-27 09:44:07,578 [Framework stop] INFO  o.e.jetty.server.ServerConnector - Stopped ServerConnector@f06a5b3{HTTP/1.1}{0.0.0.0:0}
2017-09-27 09:44:07,923 [Framework stop] INFO  o.e.j.server.handler.ContextHandler - Stopped o.e.j.s.ServletContextHandler@1584b588{/wse,null,UNAVAILABLE}
2017-09-27 09:44:27,334 [Worker-9] WARN  o.e.m.c.i.embedder.EclipseLogger - The POM for com.sun.xml.bind:jaxb-impl:jar:2.2.11 is invalid, transitive dependencies (if any) will not be available, enable debug logging for more details
2017-09-27 09:44:27,480 [Worker-9] WARN  o.e.m.c.i.embedder.EclipseLogger - The POM for com.sun.xml.bind:jaxb-core:jar:2.2.11 is invalid, transitive dependencies (if any) will not be available, enable debug logging for more details
2017-09-27 09:44:29,475 [Worker-9] WARN  o.e.m.c.i.embedder.EclipseLogger - Using platform encoding (Cp1252 actually) to copy filtered resources, i.e. build is platform dependent!
2017-09-27 09:44:29,478 [Worker-9] INFO  o.e.m.c.i.embedder.EclipseLogger - skip non existing resourceDirectory C:\Workspace\JavaApp\CXF\projects\book-order\src\main\resources
2017-09-27 09:44:29,483 [Worker-9] WARN  o.e.m.c.i.embedder.EclipseLogger - Using platform encoding (Cp1252 actually) to copy filtered resources, i.e. build is platform dependent!
2017-09-27 09:44:29,486 [Worker-9] INFO  o.e.m.c.i.embedder.EclipseLogger - skip non existing resourceDirectory C:\Workspace\JavaApp\CXF\projects\book-order\src\test\resources
2017-09-27 09:45:38,517 [main] INFO  org.eclipse.jetty.util.log - Logging initialized @89120ms
2017-09-27 09:45:38,631 [main] INFO  org.eclipse.jetty.server.Server - jetty-9.2.13.v20150730
2017-09-27 09:45:38,688 [main] INFO  o.e.j.server.handler.ContextHandler - Started o.e.j.s.ServletContextHandler@c5dc3db{/wse,null,AVAILABLE}
2017-09-27 09:45:38,707 [main] INFO  o.e.jetty.server.ServerConnector - Started ServerConnector@6a7eef27{HTTP/1.1}{0.0.0.0:51062}
2017-09-27 09:45:38,708 [main] INFO  org.eclipse.jetty.server.Server - Started @89311ms
